TN:
SF:config/config.js
FNF:0
FNH:0
DA:1,1
DA:2,1
DA:3,1
DA:4,1
DA:5,1
DA:6,1
DA:7,1
DA:8,1
DA:9,1
DA:10,1
DA:11,1
DA:12,1
DA:13,1
DA:14,1
DA:15,1
DA:16,1
DA:17,1
DA:18,1
DA:19,1
DA:20,1
DA:21,1
DA:22,1
DA:23,1
DA:24,1
DA:25,1
DA:26,1
DA:27,1
DA:28,1
DA:29,1
DA:30,1
DA:31,1
DA:32,1
DA:33,1
LF:33
LH:33
BRDA:1,0,0,0
BRDA:3,1,0,0
BRF:2
BRH:0
end_of_record
TN:
SF:controllers/authController.js
FN:18,format
FN:41,index
FN:45,register
FN:59,validateEmail
FN:140,login
FN:174,loginGoogle
FN:217,currentUserProfile
FN:225,forgotPassword
FN:252,resetPassword
FNF:9
FNH:4
FNDA:1,format
FNDA:0,index
FNDA:8,register
FNDA:6,validateEmail
FNDA:3,login
FNDA:0,loginGoogle
FNDA:0,currentUserProfile
FNDA:0,forgotPassword
FNDA:0,resetPassword
DA:1,1
DA:2,1
DA:3,1
DA:4,1
DA:5,1
DA:6,1
DA:7,1
DA:8,1
DA:9,1
DA:10,1
DA:11,1
DA:12,1
DA:13,1
DA:14,1
DA:15,1
DA:16,1
DA:17,1
DA:18,1
DA:19,1
DA:20,1
DA:21,1
DA:22,1
DA:23,1
DA:24,1
DA:25,1
DA:26,1
DA:27,1
DA:28,1
DA:29,1
DA:30,1
DA:31,1
DA:32,1
DA:33,1
DA:34,1
DA:35,1
DA:36,1
DA:37,1
DA:38,1
DA:39,1
DA:40,1
DA:41,1
DA:42,0
DA:43,0
DA:44,1
DA:45,1
DA:46,8
DA:47,8
DA:48,8
DA:49,1
DA:50,1
DA:51,1
DA:52,1
DA:53,1
DA:54,7
DA:55,7
DA:56,7
DA:57,7
DA:58,7
DA:59,7
DA:60,6
DA:61,6
DA:62,6
DA:63,6
DA:64,6
DA:65,6
DA:66,7
DA:67,7
DA:68,7
DA:69,7
DA:70,7
DA:71,8
DA:72,1
DA:73,1
DA:74,1
DA:75,1
DA:76,8
DA:77,1
DA:78,1
DA:79,1
DA:80,1
DA:81,1
DA:82,8
DA:83,1
DA:84,1
DA:85,1
DA:86,1
DA:87,1
DA:88,8
DA:89,1
DA:90,1
DA:91,1
DA:92,1
DA:93,1
DA:94,8
DA:95,1
DA:96,1
DA:97,1
DA:98,1
DA:99,1
DA:100,8
DA:101,1
DA:102,1
DA:103,1
DA:104,1
DA:105,1
DA:106,1
DA:107,1
DA:108,1
DA:109,1
DA:110,1
DA:111,1
DA:112,1
DA:113,1
DA:114,1
DA:115,1
DA:116,1
DA:117,1
DA:118,1
DA:119,1
DA:120,1
DA:121,1
DA:122,1
DA:123,1
DA:124,1
DA:125,1
DA:126,1
DA:127,1
DA:128,1
DA:129,1
DA:130,1
DA:131,8
DA:132,0
DA:133,0
DA:134,0
DA:135,0
DA:136,0
DA:137,0
DA:138,8
DA:139,1
DA:140,1
DA:141,3
DA:142,3
DA:143,3
DA:144,3
DA:145,3
DA:146,3
DA:147,3
DA:148,3
DA:149,1
DA:150,1
DA:151,1
DA:152,1
DA:153,1
DA:154,3
DA:155,3
DA:156,3
DA:157,1
DA:158,1
DA:159,1
DA:160,1
DA:161,1
DA:162,1
DA:163,1
DA:164,3
DA:165,0
DA:166,0
DA:167,0
DA:168,0
DA:169,0
DA:170,0
DA:171,0
DA:172,3
DA:173,1
DA:174,1
DA:175,0
DA:176,0
DA:177,0
DA:178,0
DA:179,0
DA:180,0
DA:181,0
DA:182,0
DA:183,0
DA:184,0
DA:185,0
DA:186,0
DA:187,0
DA:188,0
DA:189,0
DA:190,0
DA:191,0
DA:192,0
DA:193,0
DA:194,0
DA:195,0
DA:196,0
DA:197,0
DA:198,0
DA:199,0
DA:200,0
DA:201,0
DA:202,0
DA:203,0
DA:204,0
DA:205,0
DA:206,0
DA:207,0
DA:208,0
DA:209,0
DA:210,0
DA:211,0
DA:212,0
DA:213,0
DA:214,0
DA:215,0
DA:216,1
DA:217,1
DA:218,0
DA:219,0
DA:220,0
DA:221,0
DA:222,0
DA:223,0
DA:224,1
DA:225,1
DA:226,0
DA:227,0
DA:228,0
DA:229,0
DA:230,0
DA:231,0
DA:232,0
DA:233,0
DA:234,0
DA:235,0
DA:236,0
DA:237,0
DA:238,0
DA:239,0
DA:240,0
DA:241,0
DA:242,0
DA:243,0
DA:244,0
DA:245,0
DA:246,0
DA:247,0
DA:248,0
DA:249,0
DA:250,0
DA:251,1
DA:252,1
DA:253,0
DA:254,0
DA:255,0
DA:256,0
DA:257,0
DA:258,0
DA:259,0
DA:260,0
DA:261,0
DA:262,0
DA:263,0
DA:264,0
DA:265,0
DA:266,0
DA:267,0
DA:268,0
DA:269,0
DA:270,0
DA:271,0
DA:272,0
DA:273,0
DA:274,0
DA:275,0
DA:276,0
DA:277,1
DA:278,1
DA:279,1
DA:280,1
DA:281,1
DA:282,1
DA:283,1
DA:284,1
DA:285,1
DA:286,1
LF:286
LH:175
BRDA:18,0,0,1
BRDA:45,1,0,8
BRDA:48,2,0,7
BRDA:48,3,0,1
BRDA:54,4,0,7
BRDA:71,5,0,1
BRDA:76,6,0,6
BRDA:76,7,0,1
BRDA:82,8,0,1
BRDA:88,9,0,4
BRDA:88,10,0,1
BRDA:94,11,0,3
BRDA:94,12,0,2
BRDA:94,13,0,1
BRDA:100,14,0,1
BRDA:131,15,0,0
BRDA:59,16,0,6
BRDA:140,17,0,3
BRDA:148,18,0,1
BRDA:156,19,0,1
BRDA:164,20,0,0
BRF:21
BRH:19
end_of_record
TN:
SF:helpers/bcrypt.js
FN:3,hashPassword
FN:9,comparePassword
FNF:2
FNH:1
FNDA:0,hashPassword
FNDA:2,comparePassword
DA:1,1
DA:2,1
DA:3,1
DA:4,0
DA:5,0
DA:6,0
DA:7,0
DA:8,1
DA:9,1
DA:10,2
DA:11,2
DA:12,1
DA:13,1
LF:13
LH:9
BRDA:9,0,0,2
BRF:1
BRH:1
end_of_record
TN:
SF:helpers/jwt.js
FN:4,generateToken
FN:9,verifyToken
FNF:2
FNH:1
FNDA:1,generateToken
FNDA:0,verifyToken
DA:1,1
DA:2,1
DA:3,1
DA:4,1
DA:5,1
DA:6,1
DA:7,1
DA:8,1
DA:9,1
DA:10,0
DA:11,0
DA:12,1
DA:13,1
LF:13
LH:11
BRDA:4,0,0,1
BRF:1
BRH:1
end_of_record
TN:
SF:helpers/sendEmail.js
FN:3,Object.<anonymous>.exports.sendEmail
FNF:1
FNH:0
FNDA:0,Object.<anonymous>.exports.sendEmail
DA:1,1
DA:2,1
DA:3,1
DA:4,0
DA:5,0
DA:6,0
DA:7,0
DA:8,0
DA:9,0
DA:10,0
DA:11,0
DA:12,0
DA:13,0
DA:14,0
DA:15,0
DA:16,0
DA:17,0
DA:18,0
LF:18
LH:3
BRF:0
BRH:0
end_of_record
TN:
SF:models/detail.js
FN:5,Object.<anonymous>.module.exports
FN:12,associate
FNF:2
FNH:2
FNDA:1,Object.<anonymous>.module.exports
FNDA:1,associate
DA:1,1
DA:2,1
DA:3,1
DA:4,1
DA:5,1
DA:6,1
DA:7,1
DA:8,1
DA:9,1
DA:10,1
DA:11,1
DA:12,1
DA:13,1
DA:14,1
DA:15,1
DA:16,1
DA:17,1
DA:18,1
DA:19,1
DA:20,1
DA:21,1
DA:22,1
DA:23,1
DA:24,1
DA:25,1
DA:26,1
DA:27,1
DA:28,1
DA:29,1
DA:30,1
DA:31,1
DA:32,1
DA:33,1
DA:34,1
DA:35,1
DA:36,1
DA:37,1
LF:37
LH:37
BRDA:5,0,0,1
BRDA:12,1,0,1
BRF:2
BRH:2
end_of_record
TN:
SF:models/game.js
FN:9,Object.<anonymous>.module.exports
FN:16,associate
FNF:2
FNH:2
FNDA:1,Object.<anonymous>.module.exports
FNDA:1,associate
DA:1,1
DA:2,1
DA:3,1
DA:4,1
DA:5,1
DA:6,1
DA:7,1
DA:8,1
DA:9,1
DA:10,1
DA:11,1
DA:12,1
DA:13,1
DA:14,1
DA:15,1
DA:16,1
DA:17,1
DA:18,1
DA:19,1
DA:20,1
DA:21,1
DA:22,1
DA:23,1
DA:24,1
DA:25,1
DA:26,1
DA:27,1
DA:28,1
DA:29,1
DA:30,1
DA:31,1
DA:32,1
DA:33,1
DA:34,1
DA:35,1
DA:36,1
DA:37,1
LF:37
LH:37
BRDA:9,0,0,1
BRDA:16,1,0,1
BRF:2
BRH:2
end_of_record
TN:
SF:models/index.js
FNF:0
FNH:0
DA:1,1
DA:2,1
DA:3,1
DA:4,1
DA:5,1
DA:6,1
DA:7,1
DA:8,1
DA:9,1
DA:10,1
DA:11,1
DA:12,1
DA:13,0
DA:14,1
DA:15,1
DA:16,1
DA:17,1
DA:18,1
DA:19,1
DA:20,1
DA:21,1
DA:22,1
DA:23,1
DA:24,1
DA:25,4
DA:26,4
DA:27,4
DA:28,4
DA:29,1
DA:30,3
DA:31,3
DA:32,3
DA:33,3
DA:34,3
DA:35,3
DA:36,1
DA:37,1
DA:38,3
DA:39,3
DA:40,3
DA:41,3
DA:42,1
DA:43,1
DA:44,1
DA:45,1
DA:46,1
LF:46
LH:45
BRDA:7,0,0,0
BRDA:12,1,0,0
BRDA:24,2,0,4
BRDA:26,3,0,3
BRDA:29,4,0,3
BRDA:37,5,0,3
BRF:6
BRH:4
end_of_record
TN:
SF:models/user.js
FN:6,Object.<anonymous>.module.exports
FN:13,associate
FN:98,beforeCreate
FNF:3
FNH:2
FNDA:1,Object.<anonymous>.module.exports
FNDA:1,associate
FNDA:0,beforeCreate
DA:1,1
DA:2,1
DA:3,1
DA:4,1
DA:5,1
DA:6,1
DA:7,1
DA:8,1
DA:9,1
DA:10,1
DA:11,1
DA:12,1
DA:13,1
DA:14,1
DA:15,1
DA:16,1
DA:17,1
DA:18,1
DA:19,1
DA:20,1
DA:21,1
DA:22,1
DA:23,1
DA:24,1
DA:25,1
DA:26,1
DA:27,1
DA:28,1
DA:29,1
DA:30,1
DA:31,1
DA:32,1
DA:33,1
DA:34,1
DA:35,1
DA:36,1
DA:37,1
DA:38,1
DA:39,1
DA:40,1
DA:41,1
DA:42,1
DA:43,1
DA:44,1
DA:45,1
DA:46,1
DA:47,1
DA:48,1
DA:49,1
DA:50,1
DA:51,1
DA:52,1
DA:53,1
DA:54,1
DA:55,1
DA:56,1
DA:57,1
DA:58,1
DA:59,1
DA:60,1
DA:61,1
DA:62,1
DA:63,1
DA:64,1
DA:65,1
DA:66,1
DA:67,1
DA:68,1
DA:69,1
DA:70,1
DA:71,1
DA:72,1
DA:73,1
DA:74,1
DA:75,1
DA:76,1
DA:77,1
DA:78,1
DA:79,1
DA:80,1
DA:81,1
DA:82,1
DA:83,1
DA:84,1
DA:85,1
DA:86,1
DA:87,1
DA:88,1
DA:89,1
DA:90,1
DA:91,1
DA:92,1
DA:93,1
DA:94,1
DA:95,1
DA:96,1
DA:97,1
DA:98,1
DA:99,0
DA:100,0
DA:101,1
DA:102,1
DA:103,1
DA:104,1
DA:105,1
LF:105
LH:103
BRDA:6,0,0,1
BRDA:13,1,0,1
BRF:2
BRH:2
end_of_record
